06-Aug-2018 22:03:57.00 
 >>>>>> 
 >>>>>> Test in progress: test_C12_CheckMarketsPageDisplayedCorrectly
 >>>>>>
06-Aug-2018 22:03:58.71 Logging at address: dev.rooser.co.uk
06-Aug-2018 22:04:01.15 User admin@rooser.co.uk logged in.
06-Aug-2018 22:04:03.50 >>>>>> Test execution done, tearDown

06-Aug-2018 22:04:04.07 User logged out.
.06-Aug-2018 22:04:04.18 
 >>>>>> 
 >>>>>> Test in progress: test_C13_CheckMarketAdded
 >>>>>>
06-Aug-2018 22:04:05.77 Logging at address: dev.rooser.co.uk
06-Aug-2018 22:04:08.00 User admin@rooser.co.uk logged in.
06-Aug-2018 22:04:11.92 Market created.
E06-Aug-2018 22:04:12.13 >>>>>> Test execution done, tearDown

E06-Aug-2018 22:04:12.80 User logged out.

======================================================================
ERROR: test_C13_CheckMarketAdded (SmokeSuiteMarkets.SmokeTestMarkets)
----------------------------------------------------------------------
Traceback (most recent call last):
  File "/afs/inf.ed.ac.uk/user/s12/s1211898/askThomas/automationRooserMsp/Tests/SmokeSuiteMarkets.py", line 41, in test_C13_CheckMarketAdded
    market_row = self.markets_page.table.get_row_for_field_value(HeadersMarkets.Name, market_name)
  File "/afs/inf.ed.ac.uk/user/s12/s1211898/askThomas/automationRooserMsp/TestPages/TestPageObjects/Table/BaseTable.py", line 76, in get_row_for_field_value
    for row in self.rows:
  File "/afs/inf.ed.ac.uk/user/s12/s1211898/askThomas/automationRooserMsp/TestPages/TestPageObjects/Table/BaseTable.py", line 50, in rows
    all_rows = self.get_raw_rows()
  File "/afs/inf.ed.ac.uk/user/s12/s1211898/askThomas/automationRooserMsp/TestPages/TestPageObjects/Table/BaseTable.py", line 26, in get_raw_rows
    return self.table_element.find_elements_by_css_selector('tr')
  File "/afs/inf.ed.ac.uk/user/s12/s1211898/askThomas/automationRooserMsp/TestPages/TestPageObjects/Table/BaseTable.py", line 31, in table_element
    return self.web_driver_find.find_all(By.CSS_SELECTOR, '.react-bs-table')[self.table_index]
IndexError: list index out of range

======================================================================
ERROR: test_C13_CheckMarketAdded (SmokeSuiteMarkets.SmokeTestMarkets)
----------------------------------------------------------------------
Traceback (most recent call last):
  File "/afs/inf.ed.ac.uk/user/s12/s1211898/askThomas/automationRooserMsp/TestPages/MarketsPage.py", line 52, in remove_entry
    row = self.table.get_row_for_field_value(HeadersMarkets.Name, name)
  File "/afs/inf.ed.ac.uk/user/s12/s1211898/askThomas/automationRooserMsp/TestPages/TestPageObjects/Table/BaseTable.py", line 76, in get_row_for_field_value
    for row in self.rows:
  File "/afs/inf.ed.ac.uk/user/s12/s1211898/askThomas/automationRooserMsp/TestPages/TestPageObjects/Table/BaseTable.py", line 50, in rows
    all_rows = self.get_raw_rows()
  File "/afs/inf.ed.ac.uk/user/s12/s1211898/askThomas/automationRooserMsp/TestPages/TestPageObjects/Table/BaseTable.py", line 26, in get_raw_rows
    return self.table_element.find_elements_by_css_selector('tr')
  File "/afs/inf.ed.ac.uk/user/s12/s1211898/askThomas/automationRooserMsp/TestPages/TestPageObjects/Table/BaseTable.py", line 31, in table_element
    return self.web_driver_find.find_all(By.CSS_SELECTOR, '.react-bs-table')[self.table_index]
IndexError: list index out of range

----------------------------------------------------------------------
Ran 2 tests in 15.915s

FAILED (errors=2)
06-Aug-2018 22:04:12.92 <<<<<<<<<<<<<<<<Test run - Smoke complete!>>>>>>>>>>>>>>>>
