23-Aug-2018 04:35:21.73 
 >>>>>> 
 >>>>>> Test in progress: test_C94_CheckUsersPageDisplayedCorrectly
 >>>>>>
23-Aug-2018 04:35:23.34 Logging at address: dev.rooser.co.uk
23-Aug-2018 04:35:25.60 User admin@rooser.co.uk logged in.
23-Aug-2018 04:35:27.98 >>>>>> Test execution done, tearDown

23-Aug-2018 04:35:28.47 User logged out.
.23-Aug-2018 04:35:28.54 
 >>>>>> 
 >>>>>> Test in progress: test_C95_CheckUserAdded
 >>>>>>
23-Aug-2018 04:35:30.14 Logging at address: dev.rooser.co.uk
23-Aug-2018 04:35:32.35 User admin@rooser.co.uk logged in.
23-Aug-2018 04:35:36.89 User created.
23-Aug-2018 04:35:37.25 >>>>>> Test execution done, tearDown

23-Aug-2018 04:35:38.33 User deleted.
23-Aug-2018 04:35:38.82 User logged out.
.23-Aug-2018 04:35:38.89 
 >>>>>> 
 >>>>>> Test in progress: test_C96_CheckUserEdited
 >>>>>>
23-Aug-2018 04:35:40.49 Logging at address: dev.rooser.co.uk
23-Aug-2018 04:35:42.74 User admin@rooser.co.uk logged in.
23-Aug-2018 04:35:47.28 User created.
E23-Aug-2018 04:35:47.72 >>>>>> Test execution done, tearDown

E23-Aug-2018 04:35:48.45 User logged out.

======================================================================
ERROR: test_C96_CheckUserEdited (SmokeSuiteUsers.SmokeTestUsers)
----------------------------------------------------------------------
Traceback (most recent call last):
  File "/afs/inf.ed.ac.uk/user/s12/s1211898/askThomas/automationRooserMsp/Tests/SmokeSuiteUsers.py", line 68, in test_C96_CheckUserEdited
    self.users_page.edit_entry(user_row, first_name_edited, last_name_edited, email_edited, password_edited, role_edited)
  File "/afs/inf.ed.ac.uk/user/s12/s1211898/askThomas/automationRooserMsp/TestPages/UsersPage.py", line 45, in edit_entry
    row.edit_row_item.click()
AttributeError: 'NoneType' object has no attribute 'edit_row_item'

======================================================================
ERROR: test_C96_CheckUserEdited (SmokeSuiteUsers.SmokeTestUsers)
----------------------------------------------------------------------
Traceback (most recent call last):
  File "/afs/inf.ed.ac.uk/user/s12/s1211898/askThomas/automationRooserMsp/TestPages/UsersPage.py", line 54, in remove_entry
    self.delete_row(row)
  File "/afs/inf.ed.ac.uk/user/s12/s1211898/askThomas/automationRooserMsp/TestPages/UsersPage.py", line 59, in delete_row
    row.delete_row_item.click()
AttributeError: 'NoneType' object has no attribute 'delete_row_item'

----------------------------------------------------------------------
Ran 3 tests in 26.840s

FAILED (errors=2)
23-Aug-2018 04:35:48.57 <<<<<<<<<<<<<<<<Test run - Smoke complete!>>>>>>>>>>>>>>>>
