20-Aug-2018 18:48:43.52 
 >>>>>> 
 >>>>>> Test in progress: test_C12_CheckMarketsPageDisplayedCorrectly
 >>>>>>
20-Aug-2018 18:48:45.32 Logging at address: dev.rooser.co.uk
20-Aug-2018 18:48:47.64 User admin@rooser.co.uk logged in.
20-Aug-2018 18:48:49.98 >>>>>> Test execution done, tearDown

20-Aug-2018 18:48:50.49 User logged out.
.20-Aug-2018 18:48:50.61 
 >>>>>> 
 >>>>>> Test in progress: test_C13_CheckMarketAdded
 >>>>>>
20-Aug-2018 18:48:52.26 Logging at address: dev.rooser.co.uk
20-Aug-2018 18:48:54.47 User admin@rooser.co.uk logged in.
20-Aug-2018 18:48:58.32 Market created.
E20-Aug-2018 18:48:58.51 >>>>>> Test execution done, tearDown

E20-Aug-2018 18:48:59.18 User logged out.

======================================================================
ERROR: test_C13_CheckMarketAdded (SmokeSuiteMarkets.SmokeTestMarkets)
----------------------------------------------------------------------
Traceback (most recent call last):
  File "/afs/inf.ed.ac.uk/user/s12/s1211898/askThomas/automationRooserMsp/Tests/SmokeSuiteMarkets.py", line 41, in test_C13_CheckMarketAdded
    market_row = self.markets_page.table.get_row_for_field_value(HeadersMarkets.Name, market_name)
  File "/afs/inf.ed.ac.uk/user/s12/s1211898/askThomas/automationRooserMsp/TestPages/TestPageObjects/Table/BaseTable.py", line 76, in get_row_for_field_value
    for row in self.rows:
  File "/afs/inf.ed.ac.uk/user/s12/s1211898/askThomas/automationRooserMsp/TestPages/TestPageObjects/Table/BaseTable.py", line 50, in rows
    all_rows = self.get_raw_rows()
  File "/afs/inf.ed.ac.uk/user/s12/s1211898/askThomas/automationRooserMsp/TestPages/TestPageObjects/Table/BaseTable.py", line 26, in get_raw_rows
    return self.table_element.find_elements_by_css_selector('tr')
  File "/afs/inf.ed.ac.uk/user/s12/s1211898/askThomas/automationRooserMsp/TestPages/TestPageObjects/Table/BaseTable.py", line 31, in table_element
    return self.web_driver_find.find_all(By.CSS_SELECTOR, '.react-bs-table')[self.table_index]
IndexError: list index out of range

======================================================================
ERROR: test_C13_CheckMarketAdded (SmokeSuiteMarkets.SmokeTestMarkets)
----------------------------------------------------------------------
Traceback (most recent call last):
  File "/afs/inf.ed.ac.uk/user/s12/s1211898/askThomas/automationRooserMsp/TestPages/MarketsPage.py", line 52, in remove_entry
    row = self.table.get_row_for_field_value(HeadersMarkets.Name, name)
  File "/afs/inf.ed.ac.uk/user/s12/s1211898/askThomas/automationRooserMsp/TestPages/TestPageObjects/Table/BaseTable.py", line 76, in get_row_for_field_value
    for row in self.rows:
  File "/afs/inf.ed.ac.uk/user/s12/s1211898/askThomas/automationRooserMsp/TestPages/TestPageObjects/Table/BaseTable.py", line 50, in rows
    all_rows = self.get_raw_rows()
  File "/afs/inf.ed.ac.uk/user/s12/s1211898/askThomas/automationRooserMsp/TestPages/TestPageObjects/Table/BaseTable.py", line 26, in get_raw_rows
    return self.table_element.find_elements_by_css_selector('tr')
  File "/afs/inf.ed.ac.uk/user/s12/s1211898/askThomas/automationRooserMsp/TestPages/TestPageObjects/Table/BaseTable.py", line 31, in table_element
    return self.web_driver_find.find_all(By.CSS_SELECTOR, '.react-bs-table')[self.table_index]
IndexError: list index out of range

----------------------------------------------------------------------
Ran 2 tests in 15.783s

FAILED (errors=2)
20-Aug-2018 18:48:59.31 <<<<<<<<<<<<<<<<Test run - Smoke complete!>>>>>>>>>>>>>>>>
