24-Aug-2018 02:49:54.30 
 >>>>>> 
 >>>>>> Test in progress: test_C139_CheckNoSpeciesValidation
 >>>>>>
24-Aug-2018 02:49:55.96 Logging at address: dev.rooser.co.uk
24-Aug-2018 02:49:58.32 User admin@rooser.co.uk logged in.
24-Aug-2018 02:50:01.93 >>>>>> Test execution done, tearDown

24-Aug-2018 02:50:02.57 User logged out.
.24-Aug-2018 02:50:02.70 
 >>>>>> 
 >>>>>> Test in progress: test_C140_CheckNoMarketValidation
 >>>>>>
24-Aug-2018 02:50:04.35 Logging at address: dev.rooser.co.uk
24-Aug-2018 02:50:06.54 User admin@rooser.co.uk logged in.
24-Aug-2018 02:50:10.87 Species created.
24-Aug-2018 02:50:12.55 Office created.
24-Aug-2018 02:50:14.40 Boat created.
E24-Aug-2018 02:50:14.72 >>>>>> Test execution done, tearDown

24-Aug-2018 02:50:15.25 User logged out.
24-Aug-2018 02:50:15.43 
 >>>>>> 
 >>>>>> Test in progress: test_C143_CheckNoBoatValidation
 >>>>>>
24-Aug-2018 02:50:17.06 Logging at address: dev.rooser.co.uk
24-Aug-2018 02:50:19.43 User admin@rooser.co.uk logged in.
24-Aug-2018 02:50:23.66 Species created.
E24-Aug-2018 02:50:23.95 >>>>>> Test execution done, tearDown

24-Aug-2018 02:50:24.52 User logged out.

======================================================================
ERROR: test_C140_CheckNoMarketValidation (SmokeSuitePurchases.SmokeTestPurchases)
----------------------------------------------------------------------
Traceback (most recent call last):
  File "/afs/inf.ed.ac.uk/user/s12/s1211898/askThomas/automationRooserMsp/Tests/SmokeSuitePurchases.py", line 122, in test_C140_CheckNoMarketValidation
    purchases_page = PurchasesAllPage(self.driver)
  File "/afs/inf.ed.ac.uk/user/s12/s1211898/askThomas/automationRooserMsp/TestPages/BaseDashboardPage.py", line 15, in __init__
    self.load()
  File "/afs/inf.ed.ac.uk/user/s12/s1211898/askThomas/automationRooserMsp/TestPages/BaseDashboardPage.py", line 27, in load
    self.navigate()
  File "/afs/inf.ed.ac.uk/user/s12/s1211898/askThomas/automationRooserMsp/TestPages/PurchasesAllPage.py", line 23, in navigate
    self.dashboard_object.main_menu_purchases_all_button.click()
  File "/afs/inf.ed.ac.uk/user/s12/s1211898/askThomas/automationRooserMsp/Common/Utilities/Libs/retry/compat.py", line 17, in wrapper
    return caller(f, *args, **kwargs)
  File "/afs/inf.ed.ac.uk/user/s12/s1211898/askThomas/automationRooserMsp/Common/Utilities/Libs/retry/api.py", line 73, in retry_decorator
    logger)
  File "/afs/inf.ed.ac.uk/user/s12/s1211898/askThomas/automationRooserMsp/Common/Utilities/Libs/retry/api.py", line 32, in __retry_internal
    return f()
  File "/afs/inf.ed.ac.uk/user/s12/s1211898/askThomas/automationRooserMsp/TestPages/TestPageObjects/CTAButton.py", line 31, in click
    self.print_attributes()
  File "/afs/inf.ed.ac.uk/user/s12/s1211898/askThomas/automationRooserMsp/TestPages/TestPageObjects/CTAButton.py", line 23, in print_attributes
    PrintMessage('elem_attrib:' + str(attrs), include_time_stamp=False)
TypeError: PrintMessage() got an unexpected keyword argument 'include_time_stamp'

======================================================================
ERROR: test_C143_CheckNoBoatValidation (SmokeSuitePurchases.SmokeTestPurchases)
----------------------------------------------------------------------
Traceback (most recent call last):
  File "/afs/inf.ed.ac.uk/user/s12/s1211898/askThomas/automationRooserMsp/Tests/SmokeSuitePurchases.py", line 93, in test_C143_CheckNoBoatValidation
    purchases_page = PurchasesAllPage(self.driver)
  File "/afs/inf.ed.ac.uk/user/s12/s1211898/askThomas/automationRooserMsp/TestPages/BaseDashboardPage.py", line 15, in __init__
    self.load()
  File "/afs/inf.ed.ac.uk/user/s12/s1211898/askThomas/automationRooserMsp/TestPages/BaseDashboardPage.py", line 27, in load
    self.navigate()
  File "/afs/inf.ed.ac.uk/user/s12/s1211898/askThomas/automationRooserMsp/TestPages/PurchasesAllPage.py", line 23, in navigate
    self.dashboard_object.main_menu_purchases_all_button.click()
  File "/afs/inf.ed.ac.uk/user/s12/s1211898/askThomas/automationRooserMsp/Common/Utilities/Libs/retry/compat.py", line 17, in wrapper
    return caller(f, *args, **kwargs)
  File "/afs/inf.ed.ac.uk/user/s12/s1211898/askThomas/automationRooserMsp/Common/Utilities/Libs/retry/api.py", line 73, in retry_decorator
    logger)
  File "/afs/inf.ed.ac.uk/user/s12/s1211898/askThomas/automationRooserMsp/Common/Utilities/Libs/retry/api.py", line 32, in __retry_internal
    return f()
  File "/afs/inf.ed.ac.uk/user/s12/s1211898/askThomas/automationRooserMsp/TestPages/TestPageObjects/CTAButton.py", line 31, in click
    self.print_attributes()
  File "/afs/inf.ed.ac.uk/user/s12/s1211898/askThomas/automationRooserMsp/TestPages/TestPageObjects/CTAButton.py", line 23, in print_attributes
    PrintMessage('elem_attrib:' + str(attrs), include_time_stamp=False)
TypeError: PrintMessage() got an unexpected keyword argument 'include_time_stamp'

----------------------------------------------------------------------
Ran 3 tests in 30.337s

FAILED (errors=2)
24-Aug-2018 02:50:24.64 <<<<<<<<<<<<<<<<Test run - Smoke complete!>>>>>>>>>>>>>>>>
