23-Aug-2018 04:39:16.96 
 >>>>>> 
 >>>>>> Test in progress: test_C94_CheckUsersPageDisplayedCorrectly
 >>>>>>
23-Aug-2018 04:39:18.57 Logging at address: dev.rooser.co.uk
23-Aug-2018 04:39:20.74 User admin@rooser.co.uk logged in.
23-Aug-2018 04:39:23.13 >>>>>> Test execution done, tearDown

23-Aug-2018 04:39:23.63 User logged out.
.23-Aug-2018 04:39:23.75 
 >>>>>> 
 >>>>>> Test in progress: test_C95_CheckUserAdded
 >>>>>>
23-Aug-2018 04:39:25.35 Logging at address: dev.rooser.co.uk
23-Aug-2018 04:39:27.56 User admin@rooser.co.uk logged in.
23-Aug-2018 04:39:32.08 User created.
23-Aug-2018 04:39:32.37 >>>>>> Test execution done, tearDown

23-Aug-2018 04:39:33.39 User deleted.
23-Aug-2018 04:39:33.90 User logged out.
.23-Aug-2018 04:39:34.02 
 >>>>>> 
 >>>>>> Test in progress: test_C96_CheckUserEdited
 >>>>>>
23-Aug-2018 04:39:35.64 Logging at address: dev.rooser.co.uk
23-Aug-2018 04:39:37.85 User admin@rooser.co.uk logged in.
23-Aug-2018 04:39:42.34 User created.
23-Aug-2018 04:39:44.67 User edited.
23-Aug-2018 04:39:44.89 >>>>>> Test execution done, tearDown

23-Aug-2018 04:39:45.92 User deleted.
23-Aug-2018 04:39:46.38 User logged out.
.23-Aug-2018 04:39:46.50 
 >>>>>> 
 >>>>>> Test in progress: test_C97_CheckUserRemoved
 >>>>>>
23-Aug-2018 04:39:48.15 Logging at address: dev.rooser.co.uk
23-Aug-2018 04:39:50.23 User admin@rooser.co.uk logged in.
23-Aug-2018 04:39:54.86 User created.
23-Aug-2018 04:39:55.98 User deleted.
F23-Aug-2018 04:39:56.13 >>>>>> Test execution done, tearDown

23-Aug-2018 04:39:56.60 User logged out.

======================================================================
FAIL: test_C97_CheckUserRemoved (SmokeSuiteUsers.SmokeTestUsers)
----------------------------------------------------------------------
Traceback (most recent call last):
  File "/afs/inf.ed.ac.uk/user/s12/s1211898/askThomas/automationRooserMsp/Tests/SmokeSuiteUsers.py", line 89, in test_C97_CheckUserRemoved
    self.assertIsNone(user_row)
AssertionError: <TestPages.TestPageObjects.Table.TableRow.TableRowWithDetails object at 0x7fecbb792750> is not None

----------------------------------------------------------------------
Ran 4 tests in 39.752s

FAILED (failures=1)
23-Aug-2018 04:39:56.72 <<<<<<<<<<<<<<<<Test run - Smoke complete!>>>>>>>>>>>>>>>>
