23-Aug-2018 04:29:37.23 
 >>>>>> 
 >>>>>> Test in progress: test_C94_CheckUsersPageDisplayedCorrectly
 >>>>>>
23-Aug-2018 04:29:38.84 Logging at address: dev.rooser.co.uk
23-Aug-2018 04:29:41.12 User admin@rooser.co.uk logged in.
23-Aug-2018 04:29:45.57 >>>>>> Test execution done, tearDown

23-Aug-2018 04:29:46.09 User logged out.
.23-Aug-2018 04:29:46.15 
 >>>>>> 
 >>>>>> Test in progress: test_C95_CheckUserAdded
 >>>>>>
23-Aug-2018 04:29:47.79 Logging at address: dev.rooser.co.uk
23-Aug-2018 04:29:50.08 User admin@rooser.co.uk logged in.
23-Aug-2018 04:29:54.61 User created.
23-Aug-2018 04:29:54.90 >>>>>> Test execution done, tearDown

23-Aug-2018 04:29:55.93 User deleted.
23-Aug-2018 04:29:56.39 User logged out.
.23-Aug-2018 04:29:56.50 
 >>>>>> 
 >>>>>> Test in progress: test_C96_CheckUserEdited
 >>>>>>
23-Aug-2018 04:29:58.11 Logging at address: dev.rooser.co.uk
23-Aug-2018 04:30:00.44 User admin@rooser.co.uk logged in.
23-Aug-2018 04:30:04.95 User created.
E23-Aug-2018 04:30:05.30 >>>>>> Test execution done, tearDown

E23-Aug-2018 04:30:06.00 User logged out.

======================================================================
ERROR: test_C96_CheckUserEdited (SmokeSuiteUsers.SmokeTestUsers)
----------------------------------------------------------------------
Traceback (most recent call last):
  File "/afs/inf.ed.ac.uk/user/s12/s1211898/askThomas/automationRooserMsp/Tests/SmokeSuiteUsers.py", line 67, in test_C96_CheckUserEdited
    self.users_page.edit_entry(user_row, first_name_edited, last_name_edited, email_edited, password_edited, role_edited)
  File "/afs/inf.ed.ac.uk/user/s12/s1211898/askThomas/automationRooserMsp/TestPages/UsersPage.py", line 44, in edit_entry
    row.edit_row_item.click()
AttributeError: 'NoneType' object has no attribute 'edit_row_item'

======================================================================
ERROR: test_C96_CheckUserEdited (SmokeSuiteUsers.SmokeTestUsers)
----------------------------------------------------------------------
Traceback (most recent call last):
  File "/afs/inf.ed.ac.uk/user/s12/s1211898/askThomas/automationRooserMsp/TestPages/UsersPage.py", line 53, in remove_entry
    self.delete_row(row)
  File "/afs/inf.ed.ac.uk/user/s12/s1211898/askThomas/automationRooserMsp/TestPages/UsersPage.py", line 57, in delete_row
    row.delete_row_item.click()
AttributeError: 'NoneType' object has no attribute 'delete_row_item'

----------------------------------------------------------------------
Ran 3 tests in 28.879s

FAILED (errors=2)
23-Aug-2018 04:30:06.11 <<<<<<<<<<<<<<<<Test run - Smoke complete!>>>>>>>>>>>>>>>>
