27-Aug-2018 16:32:49.31 
 >>>>>> 
 >>>>>> Test in progress: test_C153_CheckSaleAddedTransportThatDeliversToCustomersWithNoMinWeight
 >>>>>>
27-Aug-2018 16:32:51.00 Logging at address: dev.rooser.co.uk
27-Aug-2018 16:32:53.34 User admin@rooser.co.uk logged in.
27-Aug-2018 16:32:58.65 Customer created.
27-Aug-2018 16:33:00.29 Transport created.
27-Aug-2018 16:33:02.41 Product created.
E27-Aug-2018 16:33:02.79 >>>>>> Test execution done, tearDown

27-Aug-2018 16:33:03.35 User logged out.

======================================================================
ERROR: test_C153_CheckSaleAddedTransportThatDeliversToCustomersWithNoMinWeight (SmokeSuiteSales.SmokeTestSales)
----------------------------------------------------------------------
Traceback (most recent call last):
  File "/afs/inf.ed.ac.uk/user/s12/s1211898/askThomas/automationRooserMsp/Tests/SmokeSuiteSales.py", line 67, in test_C153_CheckSaleAddedTransportThatDeliversToCustomersWithNoMinWeight
    sale_page = SalesAllPage(self.driver)
  File "/afs/inf.ed.ac.uk/user/s12/s1211898/askThomas/automationRooserMsp/TestPages/BaseDashboardPage.py", line 15, in __init__
    self.load()
  File "/afs/inf.ed.ac.uk/user/s12/s1211898/askThomas/automationRooserMsp/TestPages/BaseDashboardPage.py", line 27, in load
    self.navigate()
  File "/afs/inf.ed.ac.uk/user/s12/s1211898/askThomas/automationRooserMsp/TestPages/SalesAllPage.py", line 23, in navigate
    self.dashboard_object.main_menu_sales_all_button.click()
  File "/afs/inf.ed.ac.uk/user/s12/s1211898/askThomas/automationRooserMsp/Common/Utilities/Libs/retry/compat.py", line 17, in wrapper
    return caller(f, *args, **kwargs)
  File "/afs/inf.ed.ac.uk/user/s12/s1211898/askThomas/automationRooserMsp/Common/Utilities/Libs/retry/api.py", line 73, in retry_decorator
    logger)
  File "/afs/inf.ed.ac.uk/user/s12/s1211898/askThomas/automationRooserMsp/Common/Utilities/Libs/retry/api.py", line 32, in __retry_internal
    return f()
  File "/afs/inf.ed.ac.uk/user/s12/s1211898/askThomas/automationRooserMsp/TestPages/TestPageObjects/CTAButton.py", line 31, in click
    self.print_attributes()
  File "/afs/inf.ed.ac.uk/user/s12/s1211898/askThomas/automationRooserMsp/TestPages/TestPageObjects/CTAButton.py", line 23, in print_attributes
    PrintMessage('elem_attrib:' + str(attrs), include_time_stamp=False)
TypeError: PrintMessage() got an unexpected keyword argument 'include_time_stamp'

----------------------------------------------------------------------
Ran 1 test in 14.119s

FAILED (errors=1)
27-Aug-2018 16:33:03.43 <<<<<<<<<<<<<<<<Test run - Smoke complete!>>>>>>>>>>>>>>>>
