23-Aug-2018 04:32:23.41 
 >>>>>> 
 >>>>>> Test in progress: test_C94_CheckUsersPageDisplayedCorrectly
 >>>>>>
23-Aug-2018 04:32:25.01 Logging at address: dev.rooser.co.uk
23-Aug-2018 04:32:27.25 User admin@rooser.co.uk logged in.
23-Aug-2018 04:32:29.62 >>>>>> Test execution done, tearDown

23-Aug-2018 04:32:30.16 User logged out.
.23-Aug-2018 04:32:30.27 
 >>>>>> 
 >>>>>> Test in progress: test_C95_CheckUserAdded
 >>>>>>
23-Aug-2018 04:32:31.95 Logging at address: dev.rooser.co.uk
23-Aug-2018 04:32:34.15 User admin@rooser.co.uk logged in.
23-Aug-2018 04:32:38.64 User created.
23-Aug-2018 04:32:38.98 >>>>>> Test execution done, tearDown

23-Aug-2018 04:32:40.02 User deleted.
23-Aug-2018 04:32:40.45 User logged out.
.23-Aug-2018 04:32:40.57 
 >>>>>> 
 >>>>>> Test in progress: test_C96_CheckUserEdited
 >>>>>>
23-Aug-2018 04:32:42.18 Logging at address: dev.rooser.co.uk
23-Aug-2018 04:32:44.33 User admin@rooser.co.uk logged in.
23-Aug-2018 04:32:48.82 User created.
E23-Aug-2018 04:32:49.24 >>>>>> Test execution done, tearDown

E23-Aug-2018 04:32:49.94 User logged out.

======================================================================
ERROR: test_C96_CheckUserEdited (SmokeSuiteUsers.SmokeTestUsers)
----------------------------------------------------------------------
Traceback (most recent call last):
  File "/afs/inf.ed.ac.uk/user/s12/s1211898/askThomas/automationRooserMsp/Tests/SmokeSuiteUsers.py", line 67, in test_C96_CheckUserEdited
    self.users_page.edit_entry(user_row, first_name_edited, last_name_edited, email_edited, password_edited, role_edited)
  File "/afs/inf.ed.ac.uk/user/s12/s1211898/askThomas/automationRooserMsp/TestPages/UsersPage.py", line 45, in edit_entry
    row.edit_row_item.click()
AttributeError: 'NoneType' object has no attribute 'edit_row_item'

======================================================================
ERROR: test_C96_CheckUserEdited (SmokeSuiteUsers.SmokeTestUsers)
----------------------------------------------------------------------
Traceback (most recent call last):
  File "/afs/inf.ed.ac.uk/user/s12/s1211898/askThomas/automationRooserMsp/TestPages/UsersPage.py", line 54, in remove_entry
    self.delete_row(row)
  File "/afs/inf.ed.ac.uk/user/s12/s1211898/askThomas/automationRooserMsp/TestPages/UsersPage.py", line 59, in delete_row
    row.delete_row_item.click()
AttributeError: 'NoneType' object has no attribute 'delete_row_item'

----------------------------------------------------------------------
Ran 3 tests in 26.616s

FAILED (errors=2)
23-Aug-2018 04:32:50.02 <<<<<<<<<<<<<<<<Test run - Smoke complete!>>>>>>>>>>>>>>>>
